# JRE version: Java(TM) SE Runtime Environment (8.0_101-b13) (build 1.8.0_101-b13)
# Java VM: Java HotSpot(TM) 64-Bit Server VM (25.101-b13 mixed mode windows-amd64 compressed oops)
Heap:
 PSYoungGen      total 43008K, used 31488K [0x00000000d6c00000, 0x00000000fe600000, 0x0000000100000000)
  eden space 42496K, 74% used [0x00000000d6c00000,0x00000000d8ab80c0,0x00000000d9580000)
  from space 512K, 6% used [0x00000000fe500000,0x00000000fe508000,0x00000000fe580000)
  to   space 512K, 0% used [0x00000000fe580000,0x00000000fe580000,0x00000000fe600000)
 ParOldGen       total 84992K, used 648K [0x0000000084400000, 0x0000000089700000, 0x00000000d6c00000)
  object space 84992K, 0% used [0x0000000084400000,0x00000000844a2060,0x0000000089700000)
 Metaspace       used 3433K, capacity 4566K, committed 4864K, reserved 1056768K
  class space    used 388K, capacity 390K, committed 512K, reserved 1048576K
GC Heap History (10 events):
Event: 4761.761 GC heap before
{Heap before GC invocations=66093 (full 0):
 PSYoungGen      total 48128K, used 47680K [0x00000000d6c00000, 0x00000000fe600000, 0x0000000100000000)
  eden space 47616K, 100% used [0x00000000d6c00000,0x00000000d9a80000,0x00000000d9a80000)
  from space 512K, 12% used [0x00000000fe580000,0x00000000fe590000,0x00000000fe600000)
  to   space 512K, 0% used [0x00000000fe500000,0x00000000fe500000,0x00000000fe580000)
 ParOldGen       total 84992K, used 648K [0x0000000084400000, 0x0000000089700000, 0x00000000d6c00000)
  object space 84992K, 0% used [0x0000000084400000,0x00000000844a2060,0x0000000089700000)
 Metaspace       used 3426K, capacity 4566K, committed 4864K, reserved 1056768K
  class space    used 387K, capacity 390K, committed 512K, reserved 1048576K
Event: 4761.762 GC heap after
Heap after GC invocations=66093 (full 0):
 PSYoungGen      total 47104K, used 64K [0x00000000d6c00000, 0x00000000fe600000, 0x0000000100000000)
  eden space 46592K, 0% used [0x00000000d6c00000,0x00000000d6c00000,0x00000000d9980000)
  from space 512K, 12% used [0x00000000fe500000,0x00000000fe510000,0x00000000fe580000)
  to   space 512K, 0% used [0x00000000fe580000,0x00000000fe580000,0x00000000fe600000)
 ParOldGen       total 84992K, used 648K [0x0000000084400000, 0x0000000089700000, 0x00000000d6c00000)
  object space 84992K, 0% used [0x0000000084400000,0x00000000844a2060,0x0000000089700000)
 Metaspace       used 3426K, capacity 4566K, committed 4864K, reserved 1056768K
  class space    used 387K, capacity 390K, committed 512K, reserved 1048576K
}
Event: 4761.886 GC heap before
{Heap before GC invocations=66094 (full 0):
 PSYoungGen      total 47104K, used 46656K [0x00000000d6c00000, 0x00000000fe600000, 0x0000000100000000)
  eden space 46592K, 100% used [0x00000000d6c00000,0x00000000d9980000,0x00000000d9980000)
  from space 512K, 12% used [0x00000000fe500000,0x00000000fe510000,0x00000000fe580000)
  to   space 512K, 0% used [0x00000000fe580000,0x00000000fe580000,0x00000000fe600000)
 ParOldGen       total 84992K, used 648K [0x0000000084400000, 0x0000000089700000, 0x00000000d6c00000)
  object space 84992K, 0% used [0x0000000084400000,0x00000000844a2060,0x0000000089700000)
 Metaspace       used 3426K, capacity 4566K, committed 4864K, reserved 1056768K
  class space    used 387K, capacity 390K, committed 512K, reserved 1048576K
Event: 4761.887 GC heap after
Heap after GC invocations=66094 (full 0):
 PSYoungGen      total 46080K, used 64K [0x00000000d6c00000, 0x00000000fe600000, 0x0000000100000000)
  eden space 45568K, 0% used [0x00000000d6c00000,0x00000000d6c00000,0x00000000d9880000)
  from space 512K, 12% used [0x00000000fe580000,0x00000000fe590000,0x00000000fe600000)
  to   space 512K, 0% used [0x00000000fe500000,0x00000000fe500000,0x00000000fe580000)
 ParOldGen       total 84992K, used 648K [0x0000000084400000, 0x0000000089700000, 0x00000000d6c00000)
  object space 84992K, 0% used [0x0000000084400000,0x00000000844a2060,0x0000000089700000)
 Metaspace       used 3426K, capacity 4566K, committed 4864K, reserved 1056768K
  class space    used 387K, capacity 390K, committed 512K, reserved 1048576K
}
Event: 4762.033 GC heap before
{Heap before GC invocations=66095 (full 0):
 PSYoungGen      total 46080K, used 45632K [0x00000000d6c00000, 0x00000000fe600000, 0x0000000100000000)
  eden space 45568K, 100% used [0x00000000d6c00000,0x00000000d9880000,0x00000000d9880000)
  from space 512K, 12% used [0x00000000fe580000,0x00000000fe590000,0x00000000fe600000)
  to   space 512K, 0% used [0x00000000fe500000,0x00000000fe500000,0x00000000fe580000)
 ParOldGen       total 84992K, used 648K [0x0000000084400000, 0x0000000089700000, 0x00000000d6c00000)
  object space 84992K, 0% used [0x0000000084400000,0x00000000844a2060,0x0000000089700000)
 Metaspace       used 3426K, capacity 4566K, committed 4864K, reserved 1056768K
  class space    used 387K, capacity 390K, committed 512K, reserved 1048576K
Event: 4762.035 GC heap after
Heap after GC invocations=66095 (full 0):
 PSYoungGen      total 45056K, used 32K [0x00000000d6c00000, 0x00000000fe600000, 0x0000000100000000)
  eden space 44544K, 0% used [0x00000000d6c00000,0x00000000d6c00000,0x00000000d9780000)
  from space 512K, 6% used [0x00000000fe500000,0x00000000fe508000,0x00000000fe580000)
  to   space 512K, 0% used [0x00000000fe580000,0x00000000fe580000,0x00000000fe600000)
 ParOldGen       total 84992K, used 648K [0x0000000084400000, 0x0000000089700000, 0x00000000d6c00000)
  object space 84992K, 0% used [0x0000000084400000,0x00000000844a2060,0x0000000089700000)
 Metaspace       used 3426K, capacity 4566K, committed 4864K, reserved 1056768K
  class space    used 387K, capacity 390K, committed 512K, reserved 1048576K
}
Event: 4762.135 GC heap before
{Heap before GC invocations=66096 (full 0):
 PSYoungGen      total 45056K, used 44576K [0x00000000d6c00000, 0x00000000fe600000, 0x0000000100000000)
  eden space 44544K, 100% used [0x00000000d6c00000,0x00000000d9780000,0x00000000d9780000)
  from space 512K, 6% used [0x00000000fe500000,0x00000000fe508000,0x00000000fe580000)
  to   space 512K, 0% used [0x00000000fe580000,0x00000000fe580000,0x00000000fe600000)
 ParOldGen       total 84992K, used 648K [0x0000000084400000, 0x0000000089700000, 0x00000000d6c00000)
  object space 84992K, 0% used [0x0000000084400000,0x00000000844a2060,0x0000000089700000)
 Metaspace       used 3426K, capacity 4566K, committed 4864K, reserved 1056768K
  class space    used 387K, capacity 390K, committed 512K, reserved 1048576K
Event: 4762.137 GC heap after
Heap after GC invocations=66096 (full 0):
 PSYoungGen      total 44032K, used 32K [0x00000000d6c00000, 0x00000000fe600000, 0x0000000100000000)
  eden space 43520K, 0% used [0x00000000d6c00000,0x00000000d6c00000,0x00000000d9680000)
  from space 512K, 6% used [0x00000000fe580000,0x00000000fe588000,0x00000000fe600000)
  to   space 512K, 0% used [0x00000000fe500000,0x00000000fe500000,0x00000000fe580000)
 ParOldGen       total 84992K, used 648K [0x0000000084400000, 0x0000000089700000, 0x00000000d6c00000)
  object space 84992K, 0% used [0x0000000084400000,0x00000000844a2060,0x0000000089700000)
 Metaspace       used 3426K, capacity 4566K, committed 4864K, reserved 1056768K
  class space    used 387K, capacity 390K, committed 512K, reserved 1048576K
}
Event: 4762.302 GC heap before
{Heap before GC invocations=66097 (full 0):
 PSYoungGen      total 44032K, used 43552K [0x00000000d6c00000, 0x00000000fe600000, 0x0000000100000000)
  eden space 43520K, 100% used [0x00000000d6c00000,0x00000000d9680000,0x00000000d9680000)
  from space 512K, 6% used [0x00000000fe580000,0x00000000fe588000,0x00000000fe600000)
  to   space 512K, 0% used [0x00000000fe500000,0x00000000fe500000,0x00000000fe580000)
 ParOldGen       total 84992K, used 648K [0x0000000084400000, 0x0000000089700000, 0x00000000d6c00000)
  object space 84992K, 0% used [0x0000000084400000,0x00000000844a2060,0x0000000089700000)
 Metaspace       used 3426K, capacity 4566K, committed 4864K, reserved 1056768K
  class space    used 387K, capacity 390K, committed 512K, reserved 1048576K
Event: 4762.303 GC heap after
Heap after GC invocations=66097 (full 0):
 PSYoungGen      total 43008K, used 32K [0x00000000d6c00000, 0x00000000fe600000, 0x0000000100000000)
  eden space 42496K, 0% used [0x00000000d6c00000,0x00000000d6c00000,0x00000000d9580000)
  from space 512K, 6% used [0x00000000fe500000,0x00000000fe508000,0x00000000fe580000)
  to   space 512K, 0% used [0x00000000fe580000,0x00000000fe580000,0x00000000fe600000)
 ParOldGen       total 84992K, used 648K [0x0000000084400000, 0x0000000089700000, 0x00000000d6c00000)
  object space 84992K, 0% used [0x0000000084400000,0x00000000844a2060,0x0000000089700000)
 Metaspace       used 3426K, capacity 4566K, committed 4864K, reserved 1056768K
  class space    used 387K, capacity 390K, committed 512K, reserved 1048576K
}

