# JRE version: Java(TM) SE Runtime Environment (8.0_101-b13) (build 1.8.0_101-b13)
# Java VM: Java HotSpot(TM) 64-Bit Server VM (25.101-b13 mixed mode windows-amd64 compressed oops)
Heap:
 PSYoungGen      total 69120K, used 27456K [0x00000000d6c00000, 0x00000000fe600000, 0x0000000100000000)
  eden space 68608K, 40% used [0x00000000d6c00000,0x00000000d86d03f0,0x00000000daf00000)
  from space 512K, 0% used [0x00000000fe500000,0x00000000fe500000,0x00000000fe580000)
  to   space 512K, 0% used [0x00000000fe580000,0x00000000fe580000,0x00000000fe600000)
 ParOldGen       total 84992K, used 648K [0x0000000084400000, 0x0000000089700000, 0x00000000d6c00000)
  object space 84992K, 0% used [0x0000000084400000,0x00000000844a2060,0x0000000089700000)
 Metaspace       used 3432K, capacity 4566K, committed 4864K, reserved 1056768K
  class space    used 388K, capacity 390K, committed 512K, reserved 1048576K
GC Heap History (10 events):
Event: 4771.581 GC heap before
{Heap before GC invocations=66033 (full 0):
 PSYoungGen      total 27136K, used 26688K [0x00000000d6c00000, 0x00000000fe600000, 0x0000000100000000)
  eden space 26624K, 100% used [0x00000000d6c00000,0x00000000d8600000,0x00000000d8600000)
  from space 512K, 12% used [0x00000000fe580000,0x00000000fe590000,0x00000000fe600000)
  to   space 512K, 0% used [0x00000000fe500000,0x00000000fe500000,0x00000000fe580000)
 ParOldGen       total 84992K, used 648K [0x0000000084400000, 0x0000000089700000, 0x00000000d6c00000)
  object space 84992K, 0% used [0x0000000084400000,0x00000000844a2060,0x0000000089700000)
 Metaspace       used 3426K, capacity 4566K, committed 4864K, reserved 1056768K
  class space    used 387K, capacity 390K, committed 512K, reserved 1048576K
Event: 4771.585 GC heap after
Heap after GC invocations=66033 (full 0):
 PSYoungGen      total 32768K, used 32K [0x00000000d6c00000, 0x00000000fe600000, 0x0000000100000000)
  eden space 32256K, 0% used [0x00000000d6c00000,0x00000000d6c00000,0x00000000d8b80000)
  from space 512K, 6% used [0x00000000fe500000,0x00000000fe508000,0x00000000fe580000)
  to   space 512K, 0% used [0x00000000fe580000,0x00000000fe580000,0x00000000fe600000)
 ParOldGen       total 84992K, used 648K [0x0000000084400000, 0x0000000089700000, 0x00000000d6c00000)
  object space 84992K, 0% used [0x0000000084400000,0x00000000844a2060,0x0000000089700000)
 Metaspace       used 3426K, capacity 4566K, committed 4864K, reserved 1056768K
  class space    used 387K, capacity 390K, committed 512K, reserved 1048576K
}
Event: 4771.659 GC heap before
{Heap before GC invocations=66034 (full 0):
 PSYoungGen      total 32768K, used 32288K [0x00000000d6c00000, 0x00000000fe600000, 0x0000000100000000)
  eden space 32256K, 100% used [0x00000000d6c00000,0x00000000d8b80000,0x00000000d8b80000)
  from space 512K, 6% used [0x00000000fe500000,0x00000000fe508000,0x00000000fe580000)
  to   space 512K, 0% used [0x00000000fe580000,0x00000000fe580000,0x00000000fe600000)
 ParOldGen       total 84992K, used 648K [0x0000000084400000, 0x0000000089700000, 0x00000000d6c00000)
  object space 84992K, 0% used [0x0000000084400000,0x00000000844a2060,0x0000000089700000)
 Metaspace       used 3426K, capacity 4566K, committed 4864K, reserved 1056768K
  class space    used 387K, capacity 390K, committed 512K, reserved 1048576K
Event: 4771.660 GC heap after
Heap after GC invocations=66034 (full 0):
 PSYoungGen      total 39424K, used 32K [0x00000000d6c00000, 0x00000000fe600000, 0x0000000100000000)
  eden space 38912K, 0% used [0x00000000d6c00000,0x00000000d6c00000,0x00000000d9200000)
  from space 512K, 6% used [0x00000000fe580000,0x00000000fe588000,0x00000000fe600000)
  to   space 512K, 0% used [0x00000000fe500000,0x00000000fe500000,0x00000000fe580000)
 ParOldGen       total 84992K, used 648K [0x0000000084400000, 0x0000000089700000, 0x00000000d6c00000)
  object space 84992K, 0% used [0x0000000084400000,0x00000000844a2060,0x0000000089700000)
 Metaspace       used 3426K, capacity 4566K, committed 4864K, reserved 1056768K
  class space    used 387K, capacity 390K, committed 512K, reserved 1048576K
}
Event: 4771.743 GC heap before
{Heap before GC invocations=66035 (full 0):
 PSYoungGen      total 39424K, used 38944K [0x00000000d6c00000, 0x00000000fe600000, 0x0000000100000000)
  eden space 38912K, 100% used [0x00000000d6c00000,0x00000000d9200000,0x00000000d9200000)
  from space 512K, 6% used [0x00000000fe580000,0x00000000fe588000,0x00000000fe600000)
  to   space 512K, 0% used [0x00000000fe500000,0x00000000fe500000,0x00000000fe580000)
 ParOldGen       total 84992K, used 648K [0x0000000084400000, 0x0000000089700000, 0x00000000d6c00000)
  object space 84992K, 0% used [0x0000000084400000,0x00000000844a2060,0x0000000089700000)
 Metaspace       used 3426K, capacity 4566K, committed 4864K, reserved 1056768K
  class space    used 387K, capacity 390K, committed 512K, reserved 1048576K
Event: 4771.743 GC heap after
Heap after GC invocations=66035 (full 0):
 PSYoungGen      total 47616K, used 64K [0x00000000d6c00000, 0x00000000fe600000, 0x0000000100000000)
  eden space 47104K, 0% used [0x00000000d6c00000,0x00000000d6c00000,0x00000000d9a00000)
  from space 512K, 12% used [0x00000000fe500000,0x00000000fe510000,0x00000000fe580000)
  to   space 512K, 0% used [0x00000000fe580000,0x00000000fe580000,0x00000000fe600000)
 ParOldGen       total 84992K, used 648K [0x0000000084400000, 0x0000000089700000, 0x00000000d6c00000)
  object space 84992K, 0% used [0x0000000084400000,0x00000000844a2060,0x0000000089700000)
 Metaspace       used 3426K, capacity 4566K, committed 4864K, reserved 1056768K
  class space    used 387K, capacity 390K, committed 512K, reserved 1048576K
}
Event: 4771.851 GC heap before
{Heap before GC invocations=66036 (full 0):
 PSYoungGen      total 47616K, used 47168K [0x00000000d6c00000, 0x00000000fe600000, 0x0000000100000000)
  eden space 47104K, 100% used [0x00000000d6c00000,0x00000000d9a00000,0x00000000d9a00000)
  from space 512K, 12% used [0x00000000fe500000,0x00000000fe510000,0x00000000fe580000)
  to   space 512K, 0% used [0x00000000fe580000,0x00000000fe580000,0x00000000fe600000)
 ParOldGen       total 84992K, used 648K [0x0000000084400000, 0x0000000089700000, 0x00000000d6c00000)
  object space 84992K, 0% used [0x0000000084400000,0x00000000844a2060,0x0000000089700000)
 Metaspace       used 3426K, capacity 4566K, committed 4864K, reserved 1056768K
  class space    used 387K, capacity 390K, committed 512K, reserved 1048576K
Event: 4771.851 GC heap after
Heap after GC invocations=66036 (full 0):
 PSYoungGen      total 57344K, used 64K [0x00000000d6c00000, 0x00000000fe600000, 0x0000000100000000)
  eden space 56832K, 0% used [0x00000000d6c00000,0x00000000d6c00000,0x00000000da380000)
  from space 512K, 12% used [0x00000000fe580000,0x00000000fe590000,0x00000000fe600000)
  to   space 512K, 0% used [0x00000000fe500000,0x00000000fe500000,0x00000000fe580000)
 ParOldGen       total 84992K, used 648K [0x0000000084400000, 0x0000000089700000, 0x00000000d6c00000)
  object space 84992K, 0% used [0x0000000084400000,0x00000000844a2060,0x0000000089700000)
 Metaspace       used 3426K, capacity 4566K, committed 4864K, reserved 1056768K
  class space    used 387K, capacity 390K, committed 512K, reserved 1048576K
}
Event: 4771.986 GC heap before
{Heap before GC invocations=66037 (full 0):
 PSYoungGen      total 57344K, used 56896K [0x00000000d6c00000, 0x00000000fe600000, 0x0000000100000000)
  eden space 56832K, 100% used [0x00000000d6c00000,0x00000000da380000,0x00000000da380000)
  from space 512K, 12% used [0x00000000fe580000,0x00000000fe590000,0x00000000fe600000)
  to   space 512K, 0% used [0x00000000fe500000,0x00000000fe500000,0x00000000fe580000)
 ParOldGen       total 84992K, used 648K [0x0000000084400000, 0x0000000089700000, 0x00000000d6c00000)
  object space 84992K, 0% used [0x0000000084400000,0x00000000844a2060,0x0000000089700000)
 Metaspace       used 3426K, capacity 4566K, committed 4864K, reserved 1056768K
  class space    used 387K, capacity 390K, committed 512K, reserved 1048576K
Event: 4771.996 GC heap after
Heap after GC invocations=66037 (full 0):
 PSYoungGen      total 69120K, used 0K [0x00000000d6c00000, 0x00000000fe600000, 0x0000000100000000)
  eden space 68608K, 0% used [0x00000000d6c00000,0x00000000d6c00000,0x00000000daf00000)
  from space 512K, 0% used [0x00000000fe500000,0x00000000fe500000,0x00000000fe580000)
  to   space 512K, 0% used [0x00000000fe580000,0x00000000fe580000,0x00000000fe600000)
 ParOldGen       total 84992K, used 648K [0x0000000084400000, 0x0000000089700000, 0x00000000d6c00000)
  object space 84992K, 0% used [0x0000000084400000,0x00000000844a2060,0x0000000089700000)
 Metaspace       used 3426K, capacity 4566K, committed 4864K, reserved 1056768K
  class space    used 387K, capacity 390K, committed 512K, reserved 1048576K
}

