# JRE version: Java(TM) SE Runtime Environment (8.0_101-b13) (build 1.8.0_101-b13)
# Java VM: Java HotSpot(TM) 64-Bit Server VM (25.101-b13 mixed mode windows-amd64 compressed oops)
Heap:
 PSYoungGen      total 77312K, used 76864K [0x00000000d6c00000, 0x00000000ef700000, 0x0000000100000000)
  eden space 76800K, 100% used [0x00000000d6c00000,0x00000000db700000,0x00000000db700000)
  from space 512K, 12% used [0x00000000ef680000,0x00000000ef690000,0x00000000ef700000)
  to   space 512K, 0% used [0x00000000ef600000,0x00000000ef600000,0x00000000ef680000)
 ParOldGen       total 84992K, used 656K [0x0000000084400000, 0x0000000089700000, 0x00000000d6c00000)
  object space 84992K, 0% used [0x0000000084400000,0x00000000844a4060,0x0000000089700000)
 Metaspace       used 3433K, capacity 4566K, committed 4864K, reserved 1056768K
  class space    used 388K, capacity 390K, committed 512K, reserved 1048576K
GC Heap History (10 events):
Event: 4749.103 GC heap before
{Heap before GC invocations=66734 (full 0):
 PSYoungGen      total 38400K, used 37920K [0x00000000d6c00000, 0x00000000ef700000, 0x0000000100000000)
  eden space 37888K, 100% used [0x00000000d6c00000,0x00000000d9100000,0x00000000d9100000)
  from space 512K, 6% used [0x00000000ef600000,0x00000000ef608000,0x00000000ef680000)
  to   space 512K, 0% used [0x00000000ef680000,0x00000000ef680000,0x00000000ef700000)
 ParOldGen       total 84992K, used 656K [0x0000000084400000, 0x0000000089700000, 0x00000000d6c00000)
  object space 84992K, 0% used [0x0000000084400000,0x00000000844a4060,0x0000000089700000)
 Metaspace       used 3426K, capacity 4566K, committed 4864K, reserved 1056768K
  class space    used 387K, capacity 390K, committed 512K, reserved 1048576K
Event: 4749.104 GC heap after
Heap after GC invocations=66734 (full 0):
 PSYoungGen      total 46080K, used 32K [0x00000000d6c00000, 0x00000000ef700000, 0x0000000100000000)
  eden space 45568K, 0% used [0x00000000d6c00000,0x00000000d6c00000,0x00000000d9880000)
  from space 512K, 6% used [0x00000000ef680000,0x00000000ef688000,0x00000000ef700000)
  to   space 512K, 0% used [0x00000000ef600000,0x00000000ef600000,0x00000000ef680000)
 ParOldGen       total 84992K, used 656K [0x0000000084400000, 0x0000000089700000, 0x00000000d6c00000)
  object space 84992K, 0% used [0x0000000084400000,0x00000000844a4060,0x0000000089700000)
 Metaspace       used 3426K, capacity 4566K, committed 4864K, reserved 1056768K
  class space    used 387K, capacity 390K, committed 512K, reserved 1048576K
}
Event: 4749.201 GC heap before
{Heap before GC invocations=66735 (full 0):
 PSYoungGen      total 46080K, used 45600K [0x00000000d6c00000, 0x00000000ef700000, 0x0000000100000000)
  eden space 45568K, 100% used [0x00000000d6c00000,0x00000000d9880000,0x00000000d9880000)
  from space 512K, 6% used [0x00000000ef680000,0x00000000ef688000,0x00000000ef700000)
  to   space 512K, 0% used [0x00000000ef600000,0x00000000ef600000,0x00000000ef680000)
 ParOldGen       total 84992K, used 656K [0x0000000084400000, 0x0000000089700000, 0x00000000d6c00000)
  object space 84992K, 0% used [0x0000000084400000,0x00000000844a4060,0x0000000089700000)
 Metaspace       used 3426K, capacity 4566K, committed 4864K, reserved 1056768K
  class space    used 387K, capacity 390K, committed 512K, reserved 1048576K
Event: 4749.202 GC heap after
Heap after GC invocations=66735 (full 0):
 PSYoungGen      total 55296K, used 0K [0x00000000d6c00000, 0x00000000ef700000, 0x0000000100000000)
  eden space 54784K, 0% used [0x00000000d6c00000,0x00000000d6c00000,0x00000000da180000)
  from space 512K, 0% used [0x00000000ef600000,0x00000000ef600000,0x00000000ef680000)
  to   space 512K, 0% used [0x00000000ef680000,0x00000000ef680000,0x00000000ef700000)
 ParOldGen       total 84992K, used 656K [0x0000000084400000, 0x0000000089700000, 0x00000000d6c00000)
  object space 84992K, 0% used [0x0000000084400000,0x00000000844a4060,0x0000000089700000)
 Metaspace       used 3426K, capacity 4566K, committed 4864K, reserved 1056768K
  class space    used 387K, capacity 390K, committed 512K, reserved 1048576K
}
Event: 4749.323 GC heap before
{Heap before GC invocations=66736 (full 0):
 PSYoungGen      total 55296K, used 54784K [0x00000000d6c00000, 0x00000000ef700000, 0x0000000100000000)
  eden space 54784K, 100% used [0x00000000d6c00000,0x00000000da180000,0x00000000da180000)
  from space 512K, 0% used [0x00000000ef600000,0x00000000ef600000,0x00000000ef680000)
  to   space 512K, 0% used [0x00000000ef680000,0x00000000ef680000,0x00000000ef700000)
 ParOldGen       total 84992K, used 656K [0x0000000084400000, 0x0000000089700000, 0x00000000d6c00000)
  object space 84992K, 0% used [0x0000000084400000,0x00000000844a4060,0x0000000089700000)
 Metaspace       used 3426K, capacity 4566K, committed 4864K, reserved 1056768K
  class space    used 387K, capacity 390K, committed 512K, reserved 1048576K
Event: 4749.324 GC heap after
Heap after GC invocations=66736 (full 0):
 PSYoungGen      total 66560K, used 0K [0x00000000d6c00000, 0x00000000ef700000, 0x0000000100000000)
  eden space 66048K, 0% used [0x00000000d6c00000,0x00000000d6c00000,0x00000000dac80000)
  from space 512K, 0% used [0x00000000ef680000,0x00000000ef680000,0x00000000ef700000)
  to   space 512K, 0% used [0x00000000ef600000,0x00000000ef600000,0x00000000ef680000)
 ParOldGen       total 84992K, used 656K [0x0000000084400000, 0x0000000089700000, 0x00000000d6c00000)
  object space 84992K, 0% used [0x0000000084400000,0x00000000844a4060,0x0000000089700000)
 Metaspace       used 3426K, capacity 4566K, committed 4864K, reserved 1056768K
  class space    used 387K, capacity 390K, committed 512K, reserved 1048576K
}
Event: 4749.548 GC heap before
{Heap before GC invocations=66737 (full 0):
 PSYoungGen      total 66560K, used 66048K [0x00000000d6c00000, 0x00000000ef700000, 0x0000000100000000)
  eden space 66048K, 100% used [0x00000000d6c00000,0x00000000dac80000,0x00000000dac80000)
  from space 512K, 0% used [0x00000000ef680000,0x00000000ef680000,0x00000000ef700000)
  to   space 512K, 0% used [0x00000000ef600000,0x00000000ef600000,0x00000000ef680000)
 ParOldGen       total 84992K, used 656K [0x0000000084400000, 0x0000000089700000, 0x00000000d6c00000)
  object space 84992K, 0% used [0x0000000084400000,0x00000000844a4060,0x0000000089700000)
 Metaspace       used 3426K, capacity 4566K, committed 4864K, reserved 1056768K
  class space    used 387K, capacity 390K, committed 512K, reserved 1048576K
Event: 4749.552 GC heap after
Heap after GC invocations=66737 (full 0):
 PSYoungGen      total 79872K, used 32K [0x00000000d6c00000, 0x00000000ef700000, 0x0000000100000000)
  eden space 79360K, 0% used [0x00000000d6c00000,0x00000000d6c00000,0x00000000db980000)
  from space 512K, 6% used [0x00000000ef600000,0x00000000ef608000,0x00000000ef680000)
  to   space 512K, 0% used [0x00000000ef680000,0x00000000ef680000,0x00000000ef700000)
 ParOldGen       total 84992K, used 656K [0x0000000084400000, 0x0000000089700000, 0x00000000d6c00000)
  object space 84992K, 0% used [0x0000000084400000,0x00000000844a4060,0x0000000089700000)
 Metaspace       used 3426K, capacity 4566K, committed 4864K, reserved 1056768K
  class space    used 387K, capacity 390K, committed 512K, reserved 1048576K
}
Event: 4749.756 GC heap before
{Heap before GC invocations=66738 (full 0):
 PSYoungGen      total 79872K, used 79392K [0x00000000d6c00000, 0x00000000ef700000, 0x0000000100000000)
  eden space 79360K, 100% used [0x00000000d6c00000,0x00000000db980000,0x00000000db980000)
  from space 512K, 6% used [0x00000000ef600000,0x00000000ef608000,0x00000000ef680000)
  to   space 512K, 0% used [0x00000000ef680000,0x00000000ef680000,0x00000000ef700000)
 ParOldGen       total 84992K, used 656K [0x0000000084400000, 0x0000000089700000, 0x00000000d6c00000)
  object space 84992K, 0% used [0x0000000084400000,0x00000000844a4060,0x0000000089700000)
 Metaspace       used 3426K, capacity 4566K, committed 4864K, reserved 1056768K
  class space    used 387K, capacity 390K, committed 512K, reserved 1048576K
Event: 4749.756 GC heap after
Heap after GC invocations=66738 (full 0):
 PSYoungGen      total 77312K, used 64K [0x00000000d6c00000, 0x00000000ef700000, 0x0000000100000000)
  eden space 76800K, 0% used [0x00000000d6c00000,0x00000000d6c00000,0x00000000db700000)
  from space 512K, 12% used [0x00000000ef680000,0x00000000ef690000,0x00000000ef700000)
  to   space 512K, 0% used [0x00000000ef600000,0x00000000ef600000,0x00000000ef680000)
 ParOldGen       total 84992K, used 656K [0x0000000084400000, 0x0000000089700000, 0x00000000d6c00000)
  object space 84992K, 0% used [0x0000000084400000,0x00000000844a4060,0x0000000089700000)
 Metaspace       used 3426K, capacity 4566K, committed 4864K, reserved 1056768K
  class space    used 387K, capacity 390K, committed 512K, reserved 1048576K
}

